21:26:55.164[main] DEBUG org.testng.TestNG - suiteXmlPath: "C:\Users\lavan\AppData\Local\Temp\testng-eclipse-1507978132\testng-customsuite.xml"
21:26:55.435[main] INFO  org.testng.internal.Utils - [Utils] MethodGroupsHelper.collectMethodsByGroup() took 0 ms.
21:26:55.439[main] INFO  org.testng.internal.Utils - [Utils] MethodGroupsHelper.sortMethods() took 2 ms.
21:26:55.441[main] INFO  org.testng.internal.Utils - [Utils] MethodGroupsHelper.collectMethodsByGroup() took 0 ms.
21:26:55.441[main] INFO  org.testng.internal.Utils - [Utils] MethodGroupsHelper.sortMethods() took 0 ms.
21:26:55.442[main] INFO  org.testng.internal.Utils - [Utils] MethodGroupsHelper.collectMethodsByGroup() took 0 ms.
21:26:55.452[main] INFO  org.testng.internal.Utils - [Utils] MethodGroupsHelper.sortMethods() took 0 ms.
21:26:55.452[main] INFO  org.testng.internal.Utils - [Utils] MethodGroupsHelper.collectMethodsByGroup() took 0 ms.
21:26:55.452[main] INFO  org.testng.internal.Utils - [Utils] MethodGroupsHelper.sortMethods() took 0 ms.
21:26:55.455[main] INFO  org.testng.internal.Utils - [Utils] MethodGroupsHelper.collectMethodsByGroup() took 2 ms.
21:26:55.464[main] INFO  org.testng.internal.Utils - [Utils] MethodGroupsHelper.sortMethods() took 8 ms.
21:26:55.465[main] INFO  org.testng.internal.Utils - [Utils] MethodGroupsHelper.collectMethodsByGroup() took 0 ms.
21:26:55.465[main] INFO  org.testng.internal.Utils - [Utils] MethodGroupsHelper.sortMethods() took 0 ms.
21:26:55.466[main] INFO  org.testng.internal.Utils - [Utils] MethodGroupsHelper.collectMethodsByGroup() took 0 ms.
21:26:55.466[main] INFO  org.testng.internal.Utils - [Utils] MethodGroupsHelper.sortMethods() took 0 ms.
21:26:55.466[main] INFO  org.testng.internal.Utils - [Utils] MethodGroupsHelper.collectMethodsByGroup() took 0 ms.
21:26:55.467[main] INFO  org.testng.internal.Utils - [Utils] MethodGroupsHelper.sortMethods() took 0 ms.
21:26:55.470[main] INFO  org.testng.internal.Utils - [Utils] MethodGroupsHelper.collectMethodsByGroup() took 0 ms.
21:26:55.470[main] INFO  org.testng.internal.Utils - [Utils] MethodGroupsHelper.sortMethods() took 0 ms.
21:26:55.471[main] INFO  org.testng.internal.Utils - [Utils] MethodGroupsHelper.collectMethodsByGroup() took 0 ms.
21:26:55.471[main] INFO  org.testng.internal.Utils - [Utils] MethodGroupsHelper.sortMethods() took 0 ms.
21:26:55.474[main] INFO  org.testng.internal.Utils - [Utils] MethodGroupsHelper.collectMethodsByGroup() took 0 ms.
21:26:55.474[main] INFO  org.testng.internal.Utils - [Utils] MethodGroupsHelper.sortMethods() took 0 ms.
21:26:55.474[main] INFO  org.testng.internal.Utils - [Utils] MethodGroupsHelper.collectMethodsByGroup() took 0 ms.
21:26:55.474[main] INFO  org.testng.internal.Utils - [Utils] MethodGroupsHelper.sortMethods() took 0 ms.
21:26:55.475[main] INFO  org.testng.internal.Utils - [Utils] MethodGroupsHelper.collectMethodsByGroup() took 1 ms.
21:26:55.475[main] INFO  org.testng.internal.Utils - [Utils] MethodGroupsHelper.sortMethods() took 0 ms.
21:26:55.476[main] INFO  org.testng.internal.Utils - [Utils] MethodGroupsHelper.collectMethodsByGroup() took 0 ms.
21:26:55.477[main] INFO  org.testng.internal.Utils - [Utils] MethodGroupsHelper.sortMethods() took 0 ms.
21:26:55.477[main] INFO  org.testng.internal.Utils - [Utils] MethodGroupsHelper.collectMethodsByGroup() took 0 ms.
21:26:55.477[main] INFO  org.testng.internal.Utils - [Utils] MethodGroupsHelper.sortMethods() took 0 ms.
21:26:55.484[main] INFO  org.testng.internal.Utils - [TestNG] Running:
  C:\Users\lavan\AppData\Local\Temp\testng-eclipse-1507978132\testng-customsuite.xml

21:26:55.498[main] INFO  org.testng.internal.Utils - [Utils] DynamicGraphHelper.createDynamicGraph() took 3 ms.
21:26:59.496[main] INFO  testCases.Tc_001_Accout_registartion - ***Starting the Tc_001_Accout_registartion***
21:26:59.528[main] INFO  testCases.Tc_001_Accout_registartion - ***clicked on the account link***
21:26:59.679[main] INFO  testCases.Tc_001_Accout_registartion - ***clicked on  the register link***
21:27:00.577[main] INFO  testCases.Tc_001_Accout_registartion - ***providing all necessary details***
21:27:02.490[main] INFO  testCases.Tc_001_Accout_registartion - ***validating the account**
21:27:02.602[main] INFO  testCases.Tc_001_Accout_registartion - test case execution finished succesffully
21:27:02.941[main] INFO  org.testng.internal.Utils - [TestNG] Time taken by org.testng.reporters.jq.Main@25d3cfc8: 61 ms
21:27:02.942[main] INFO  org.testng.internal.Utils - [TestNG] Time taken by org.testng.reporters.FailedReporter@30331109: 0 ms
21:27:02.948[main] INFO  org.testng.internal.Utils - [TestNG] Time taken by org.testng.reporters.XMLReporter@1542af63: 6 ms
21:27:02.956[main] INFO  org.testng.internal.Utils - [TestNG] Time taken by org.testng.reporters.EmailableReporter2@441cc260: 8 ms
21:27:02.961[main] INFO  org.testng.internal.Utils - [TestNG] Time taken by org.testng.reporters.JUnitReportReporter@55b8dbda: 5 ms
21:27:02.961[main] INFO  org.testng.internal.Utils - [TestNG] Time taken by org.testng.internal.ExitCodeListener@3b569985: 0 ms
22:00:39.302[main] DEBUG org.testng.TestNG - suiteXmlPath: "C:\Users\lavan\eclipse-workspace\second\openkart\MasterSuite.xml"
22:00:39.630[main] INFO  org.testng.internal.Utils - [TestNG] Running:
  C:\Users\lavan\eclipse-workspace\second\openkart\MasterSuite.xml

22:00:44.375[main] INFO  testCases.Tc_001_Accout_registartion - ***Starting the Tc_001_Accout_registartion***
22:00:44.411[main] INFO  testCases.Tc_001_Accout_registartion - ***clicked on the account link***
22:00:44.549[main] INFO  testCases.Tc_001_Accout_registartion - ***clicked on  the register link***
22:00:45.340[main] INFO  testCases.Tc_001_Accout_registartion - ***providing all necessary details***
22:00:46.924[main] INFO  testCases.Tc_001_Accout_registartion - ***validating the account**
22:00:57.003[main] INFO  testCases.Tc_001_Accout_registartion - Test failed
22:00:57.004[main] DEBUG testCases.Tc_001_Accout_registartion - debug logs
22:06:00.629[main] DEBUG org.testng.TestNG - suiteXmlPath: "C:\Users\lavan\eclipse-workspace\second\openkart\MasterSuite.xml"
22:06:00.923[main] INFO  org.testng.internal.Utils - [TestNG] Running:
  C:\Users\lavan\eclipse-workspace\second\openkart\MasterSuite.xml

22:06:05.347[main] INFO  testCases.Tc_001_Accout_registartion - ***Starting the Tc_001_Accout_registartion***
22:06:05.398[main] INFO  testCases.Tc_001_Accout_registartion - ***clicked on the account link***
22:06:05.530[main] INFO  testCases.Tc_001_Accout_registartion - ***clicked on  the register link***
22:06:06.387[main] INFO  testCases.Tc_001_Accout_registartion - ***providing all necessary details***
22:06:08.413[main] INFO  testCases.Tc_001_Accout_registartion - ***validating the account**
22:06:08.472[main] INFO  testCases.Tc_001_Accout_registartion - test case execution finished succesffully
22:06:32.020[main] DEBUG org.testng.TestNG - suiteXmlPath: "C:\Users\lavan\eclipse-workspace\second\openkart\MasterSuite.xml"
22:06:32.312[main] INFO  org.testng.internal.Utils - [TestNG] Running:
  C:\Users\lavan\eclipse-workspace\second\openkart\MasterSuite.xml

22:06:42.633[main] INFO  testCases.Tc_001_Accout_registartion - ***Starting the Tc_001_Accout_registartion***
22:06:42.654[main] INFO  testCases.Tc_001_Accout_registartion - ***clicked on the account link***
22:06:42.921[main] INFO  testCases.Tc_001_Accout_registartion - ***clicked on  the register link***
22:06:43.674[main] INFO  testCases.Tc_001_Accout_registartion - ***providing all necessary details***
22:06:45.289[main] INFO  testCases.Tc_001_Accout_registartion - ***validating the account**
22:06:45.323[main] INFO  testCases.Tc_001_Accout_registartion - test case execution finished succesffully
22:09:09.242[main] DEBUG org.testng.TestNG - suiteXmlPath: "C:\Users\lavan\eclipse-workspace\second\openkart\CrossbrowserTesting.xml"
22:09:09.626[main] INFO  org.testng.internal.Utils - [TestNG] Running:
  C:\Users\lavan\eclipse-workspace\second\openkart\CrossbrowserTesting.xml

22:09:14.367[main] INFO  testCases.Tc_001_Accout_registartion - ***Starting the Tc_001_Accout_registartion***
22:09:14.406[main] INFO  testCases.Tc_001_Accout_registartion - ***clicked on the account link***
22:09:14.549[main] INFO  testCases.Tc_001_Accout_registartion - ***clicked on  the register link***
22:09:15.394[main] INFO  testCases.Tc_001_Accout_registartion - ***providing all necessary details***
22:09:17.373[main] INFO  testCases.Tc_001_Accout_registartion - ***validating the account**
22:09:17.441[main] INFO  testCases.Tc_001_Accout_registartion - test case execution finished succesffully
22:09:23.560[main] INFO  testCases.Tc_001_Accout_registartion - ***Starting the Tc_001_Accout_registartion***
22:09:23.560[main] INFO  testCases.Tc_001_Accout_registartion - ***clicked on the account link***
22:09:23.847[main] INFO  testCases.Tc_001_Accout_registartion - ***clicked on  the register link***
22:09:24.510[main] INFO  testCases.Tc_001_Accout_registartion - ***providing all necessary details***
22:09:26.039[main] INFO  testCases.Tc_001_Accout_registartion - ***validating the account**
22:09:26.066[main] INFO  testCases.Tc_001_Accout_registartion - test case execution finished succesffully
22:09:33.542[main] INFO  testCases.Tc_001_Accout_registartion - ***Starting the Tc_001_Accout_registartion***
22:09:33.542[main] INFO  testCases.Tc_001_Accout_registartion - ***clicked on the account link***
22:09:33.751[main] INFO  testCases.Tc_001_Accout_registartion - ***clicked on  the register link***
22:09:34.550[main] INFO  testCases.Tc_001_Accout_registartion - ***providing all necessary details***
22:09:36.620[main] INFO  testCases.Tc_001_Accout_registartion - ***validating the account**
22:09:36.674[main] INFO  testCases.Tc_001_Accout_registartion - test case execution finished succesffully
22:10:07.501[main] DEBUG org.testng.TestNG - suiteXmlPath: "C:\Users\lavan\eclipse-workspace\second\openkart\CrossbrowserTesting.xml"
22:10:07.805[main] INFO  org.testng.internal.Utils - [TestNG] Running:
  C:\Users\lavan\eclipse-workspace\second\openkart\CrossbrowserTesting.xml

22:10:12.940[TestNG-tests-1] INFO  testCases.Tc_001_Accout_registartion - ***Starting the Tc_001_Accout_registartion***
22:10:12.981[TestNG-tests-1] INFO  testCases.Tc_001_Accout_registartion - ***clicked on the account link***
22:10:12.997[TestNG-tests-3] INFO  testCases.Tc_001_Accout_registartion - ***Starting the Tc_001_Accout_registartion***
22:10:12.998[TestNG-tests-3] INFO  testCases.Tc_001_Accout_registartion - ***clicked on the account link***
22:10:13.344[TestNG-tests-3] INFO  testCases.Tc_001_Accout_registartion - ***clicked on  the register link***
22:10:13.580[TestNG-tests-1] INFO  testCases.Tc_001_Accout_registartion - ***clicked on  the register link***
22:10:14.672[TestNG-tests-3] INFO  testCases.Tc_001_Accout_registartion - ***providing all necessary details***
22:10:14.680[TestNG-tests-1] INFO  testCases.Tc_001_Accout_registartion - ***providing all necessary details***
22:10:17.505[TestNG-tests-2] INFO  testCases.Tc_001_Accout_registartion - ***Starting the Tc_001_Accout_registartion***
22:10:17.506[TestNG-tests-2] INFO  testCases.Tc_001_Accout_registartion - ***clicked on the account link***
22:10:17.585[TestNG-tests-1] INFO  testCases.Tc_001_Accout_registartion - ***validating the account**
22:10:17.689[TestNG-tests-1] INFO  testCases.Tc_001_Accout_registartion - test case execution finished succesffully
22:10:17.735[TestNG-tests-3] INFO  testCases.Tc_001_Accout_registartion - ***validating the account**
22:10:17.833[TestNG-tests-2] INFO  testCases.Tc_001_Accout_registartion - ***clicked on  the register link***
22:10:17.918[TestNG-tests-3] INFO  testCases.Tc_001_Accout_registartion - test case execution finished succesffully
22:10:18.647[TestNG-tests-2] INFO  testCases.Tc_001_Accout_registartion - ***providing all necessary details***
22:10:20.268[TestNG-tests-2] INFO  testCases.Tc_001_Accout_registartion - ***validating the account**
22:10:20.300[TestNG-tests-2] INFO  testCases.Tc_001_Accout_registartion - test case execution finished succesffully
22:36:09.911[main] DEBUG org.testng.TestNG - suiteXmlPath: "C:\Users\lavan\eclipse-workspace\second\openkart\MasterSuite.xml"
22:36:10.298[main] INFO  org.testng.internal.Utils - [TestNG] Running:
  C:\Users\lavan\eclipse-workspace\second\openkart\MasterSuite.xml

22:36:16.565[main] INFO  testCases.Tc_001_Accout_registartion - ***Starting the Tc_001_Accout_registartion***
22:36:16.601[main] INFO  testCases.Tc_001_Accout_registartion - ***clicked on the account link***
22:36:16.903[main] INFO  testCases.Tc_001_Accout_registartion - ***clicked on  the register link***
22:36:17.690[main] INFO  testCases.Tc_001_Accout_registartion - ***providing all necessary details***
22:36:19.354[main] INFO  testCases.Tc_001_Accout_registartion - ***validating the account**
22:36:19.393[main] INFO  testCases.Tc_001_Accout_registartion - test case execution finished succesffully
12:18:58.716[main] DEBUG org.testng.TestNG - suiteXmlPath: "C:\Users\lavan\AppData\Local\Temp\testng-eclipse--2077624921\testng-customsuite.xml"
12:18:58.948[main] INFO  org.testng.internal.Utils - [Utils] MethodGroupsHelper.collectMethodsByGroup() took 1 ms.
12:18:58.951[main] INFO  org.testng.internal.Utils - [Utils] MethodGroupsHelper.sortMethods() took 2 ms.
12:18:58.953[main] INFO  org.testng.internal.Utils - [Utils] MethodGroupsHelper.collectMethodsByGroup() took 0 ms.
12:18:58.953[main] INFO  org.testng.internal.Utils - [Utils] MethodGroupsHelper.sortMethods() took 0 ms.
12:18:58.953[main] INFO  org.testng.internal.Utils - [Utils] MethodGroupsHelper.collectMethodsByGroup() took 0 ms.
12:18:58.953[main] INFO  org.testng.internal.Utils - [Utils] MethodGroupsHelper.sortMethods() took 0 ms.
12:18:58.954[main] INFO  org.testng.internal.Utils - [Utils] MethodGroupsHelper.collectMethodsByGroup() took 0 ms.
12:18:58.954[main] INFO  org.testng.internal.Utils - [Utils] MethodGroupsHelper.sortMethods() took 0 ms.
12:18:58.958[main] INFO  org.testng.internal.Utils - [Utils] MethodGroupsHelper.collectMethodsByGroup() took 1 ms.
12:18:58.968[main] INFO  org.testng.internal.Utils - [Utils] MethodGroupsHelper.sortMethods() took 9 ms.
12:18:58.969[main] INFO  org.testng.internal.Utils - [Utils] MethodGroupsHelper.collectMethodsByGroup() took 1 ms.
12:18:58.969[main] INFO  org.testng.internal.Utils - [Utils] MethodGroupsHelper.sortMethods() took 0 ms.
12:18:58.969[main] INFO  org.testng.internal.Utils - [Utils] MethodGroupsHelper.collectMethodsByGroup() took 0 ms.
12:18:58.969[main] INFO  org.testng.internal.Utils - [Utils] MethodGroupsHelper.sortMethods() took 0 ms.
12:18:58.969[main] INFO  org.testng.internal.Utils - [Utils] MethodGroupsHelper.collectMethodsByGroup() took 0 ms.
12:18:58.969[main] INFO  org.testng.internal.Utils - [Utils] MethodGroupsHelper.sortMethods() took 0 ms.
12:18:58.971[main] INFO  org.testng.internal.Utils - [Utils] MethodGroupsHelper.collectMethodsByGroup() took 0 ms.
12:18:58.971[main] INFO  org.testng.internal.Utils - [Utils] MethodGroupsHelper.sortMethods() took 0 ms.
12:18:58.972[main] INFO  org.testng.internal.Utils - [Utils] MethodGroupsHelper.collectMethodsByGroup() took 0 ms.
12:18:58.972[main] INFO  org.testng.internal.Utils - [Utils] MethodGroupsHelper.sortMethods() took 0 ms.
12:18:58.974[main] INFO  org.testng.internal.Utils - [Utils] MethodGroupsHelper.collectMethodsByGroup() took 0 ms.
12:18:58.974[main] INFO  org.testng.internal.Utils - [Utils] MethodGroupsHelper.sortMethods() took 0 ms.
12:18:58.974[main] INFO  org.testng.internal.Utils - [Utils] MethodGroupsHelper.collectMethodsByGroup() took 0 ms.
12:18:58.974[main] INFO  org.testng.internal.Utils - [Utils] MethodGroupsHelper.sortMethods() took 0 ms.
12:18:58.975[main] INFO  org.testng.internal.Utils - [Utils] MethodGroupsHelper.collectMethodsByGroup() took 0 ms.
12:18:58.975[main] INFO  org.testng.internal.Utils - [Utils] MethodGroupsHelper.sortMethods() took 0 ms.
12:18:58.976[main] INFO  org.testng.internal.Utils - [Utils] MethodGroupsHelper.collectMethodsByGroup() took 0 ms.
12:18:58.976[main] INFO  org.testng.internal.Utils - [Utils] MethodGroupsHelper.sortMethods() took 0 ms.
12:18:58.976[main] INFO  org.testng.internal.Utils - [Utils] MethodGroupsHelper.collectMethodsByGroup() took 0 ms.
12:18:58.976[main] INFO  org.testng.internal.Utils - [Utils] MethodGroupsHelper.sortMethods() took 0 ms.
12:18:58.981[main] INFO  org.testng.internal.Utils - [TestNG] Running:
  C:\Users\lavan\AppData\Local\Temp\testng-eclipse--2077624921\testng-customsuite.xml

12:18:58.997[main] INFO  org.testng.internal.Utils - [Utils] DynamicGraphHelper.createDynamicGraph() took 4 ms.
12:18:59.167[main] INFO  org.testng.internal.Utils - [TestNG] Time taken by org.testng.reporters.jq.Main@6c25e6c4: 89 ms
12:18:59.183[main] INFO  org.testng.internal.Utils - [TestNG] Time taken by org.testng.reporters.FailedReporter@53dacd14: 16 ms
12:18:59.199[main] INFO  org.testng.internal.Utils - [TestNG] Time taken by org.testng.reporters.XMLReporter@2f6e28bc: 16 ms
12:18:59.213[main] INFO  org.testng.internal.Utils - [TestNG] Time taken by org.testng.reporters.EmailableReporter2@5644dc81: 14 ms
12:18:59.220[main] INFO  org.testng.internal.Utils - [TestNG] Time taken by org.testng.reporters.JUnitReportReporter@11981797: 7 ms
12:18:59.220[main] INFO  org.testng.internal.Utils - [TestNG] Time taken by org.testng.internal.ExitCodeListener@5c42d2b7: 0 ms
12:49:09.096[main] DEBUG org.testng.TestNG - suiteXmlPath: "C:\Users\lavan\eclipse-workspace\second\openkart\MasterSuite.xml"
12:49:38.058[main] DEBUG org.testng.TestNG - suiteXmlPath: "C:\Users\lavan\eclipse-workspace\second\openkart\MasterSuite.xml"
12:51:07.183[main] DEBUG org.testng.TestNG - suiteXmlPath: "C:\Users\lavan\eclipse-workspace\second\openkart\MasterSuite.xml"
12:51:45.083[main] DEBUG org.testng.TestNG - suiteXmlPath: "C:\Users\lavan\eclipse-workspace\second\openkart\MasterSuite.xml"
12:51:45.300[main] INFO  org.testng.internal.Utils - [TestNG] Running:
  C:\Users\lavan\eclipse-workspace\second\openkart\MasterSuite.xml

12:51:51.267[main] INFO  testCases.Tc_001_Accout_registartion - ***Starting the Tc_001_Accout_registartion***
12:51:51.299[main] INFO  testCases.Tc_001_Accout_registartion - ***clicked on the account link***
12:51:51.549[main] INFO  testCases.Tc_001_Accout_registartion - ***clicked on  the register link***
12:51:52.163[main] INFO  testCases.Tc_001_Accout_registartion - ***providing all necessary details***
12:51:53.520[main] INFO  testCases.Tc_001_Accout_registartion - ***validating the account**
12:51:53.551[main] INFO  testCases.Tc_001_Accout_registartion - test case execution finished succesffully
12:52:25.708[main] DEBUG org.testng.TestNG - suiteXmlPath: "C:\Users\lavan\eclipse-workspace\second\openkart\MasterSuite.xml"
12:52:50.090[main] DEBUG org.testng.TestNG - suiteXmlPath: "C:\Users\lavan\eclipse-workspace\second\openkart\MasterSuite.xml"
12:54:14.505[main] DEBUG org.testng.TestNG - suiteXmlPath: "C:\Users\lavan\eclipse-workspace\second\openkart\MasterSuite.xml"
12:54:14.727[main] INFO  org.testng.internal.Utils - [TestNG] Running:
  C:\Users\lavan\eclipse-workspace\second\openkart\MasterSuite.xml

12:55:03.777[main] DEBUG org.testng.TestNG - suiteXmlPath: "C:\Users\lavan\eclipse-workspace\second\openkart\MasterSuite.xml"
12:55:04.011[main] INFO  org.testng.internal.Utils - [TestNG] Running:
  C:\Users\lavan\eclipse-workspace\second\openkart\MasterSuite.xml

14:05:42.457[main] DEBUG org.testng.TestNG - suiteXmlPath: "C:\Users\lavan\eclipse-workspace\second\openkart\MasterSuite.xml"
14:05:42.696[main] INFO  org.testng.internal.Utils - [TestNG] Running:
  C:\Users\lavan\eclipse-workspace\second\openkart\MasterSuite.xml

17:43:23.301[main] DEBUG org.testng.TestNG - suiteXmlPath: "C:\Users\lavan\eclipse-workspace\second\openkart\MasterSuite.xml"
17:43:23.580[main] INFO  org.testng.internal.Utils - [TestNG] Running:
  C:\Users\lavan\eclipse-workspace\second\openkart\MasterSuite.xml

17:47:54.161[main] DEBUG org.testng.TestNG - suiteXmlPath: "C:\Users\lavan\eclipse-workspace\second\openkart\MasterSuite.xml"
17:47:54.499[main] INFO  org.testng.internal.Utils - [TestNG] Running:
  C:\Users\lavan\eclipse-workspace\second\openkart\MasterSuite.xml

17:47:58.712[main] INFO  testCases.Tc_oo2_Verify_login_Details - clicking the account link 
17:47:58.924[main] INFO  testCases.Tc_oo2_Verify_login_Details - clicking the login link 
17:47:59.461[main] INFO  testCases.Tc_oo2_Verify_login_Details - validing the user valid credentials 
17:48:34.318[main] DEBUG org.testng.TestNG - suiteXmlPath: "C:\Users\lavan\eclipse-workspace\second\openkart\MasterSuite.xml"
17:48:34.617[main] INFO  org.testng.internal.Utils - [TestNG] Running:
  C:\Users\lavan\eclipse-workspace\second\openkart\MasterSuite.xml

17:48:39.272[main] INFO  testCases.Tc_oo2_Verify_login_Details - clicking the account link 
17:48:39.409[main] INFO  testCases.Tc_oo2_Verify_login_Details - clicking the login link 
17:48:39.876[main] INFO  testCases.Tc_oo2_Verify_login_Details - validing the user valid credentials 
17:53:38.789[main] DEBUG org.testng.TestNG - suiteXmlPath: "C:\Users\lavan\AppData\Local\Temp\testng-eclipse--192213498\testng-customsuite.xml"
17:53:39.036[main] INFO  org.testng.internal.Utils - [Utils] MethodGroupsHelper.collectMethodsByGroup() took 0 ms.
17:53:39.040[main] INFO  org.testng.internal.Utils - [Utils] MethodGroupsHelper.sortMethods() took 2 ms.
17:53:39.042[main] INFO  org.testng.internal.Utils - [Utils] MethodGroupsHelper.collectMethodsByGroup() took 0 ms.
17:53:39.042[main] INFO  org.testng.internal.Utils - [Utils] MethodGroupsHelper.sortMethods() took 0 ms.
17:53:39.042[main] INFO  org.testng.internal.Utils - [Utils] MethodGroupsHelper.collectMethodsByGroup() took 0 ms.
17:53:39.042[main] INFO  org.testng.internal.Utils - [Utils] MethodGroupsHelper.sortMethods() took 0 ms.
17:53:39.043[main] INFO  org.testng.internal.Utils - [Utils] MethodGroupsHelper.collectMethodsByGroup() took 0 ms.
17:53:39.043[main] INFO  org.testng.internal.Utils - [Utils] MethodGroupsHelper.sortMethods() took 0 ms.
17:53:39.047[main] INFO  org.testng.internal.Utils - [Utils] MethodGroupsHelper.collectMethodsByGroup() took 2 ms.
17:53:39.056[main] INFO  org.testng.internal.Utils - [Utils] MethodGroupsHelper.sortMethods() took 8 ms.
17:53:39.057[main] INFO  org.testng.internal.Utils - [Utils] MethodGroupsHelper.collectMethodsByGroup() took 0 ms.
17:53:39.058[main] INFO  org.testng.internal.Utils - [Utils] MethodGroupsHelper.sortMethods() took 0 ms.
17:53:39.058[main] INFO  org.testng.internal.Utils - [Utils] MethodGroupsHelper.collectMethodsByGroup() took 0 ms.
17:53:39.058[main] INFO  org.testng.internal.Utils - [Utils] MethodGroupsHelper.sortMethods() took 0 ms.
17:53:39.059[main] INFO  org.testng.internal.Utils - [Utils] MethodGroupsHelper.collectMethodsByGroup() took 0 ms.
17:53:39.059[main] INFO  org.testng.internal.Utils - [Utils] MethodGroupsHelper.sortMethods() took 0 ms.
17:53:39.060[main] INFO  org.testng.internal.Utils - [Utils] MethodGroupsHelper.collectMethodsByGroup() took 0 ms.
17:53:39.060[main] INFO  org.testng.internal.Utils - [Utils] MethodGroupsHelper.sortMethods() took 0 ms.
17:53:39.061[main] INFO  org.testng.internal.Utils - [Utils] MethodGroupsHelper.collectMethodsByGroup() took 0 ms.
17:53:39.061[main] INFO  org.testng.internal.Utils - [Utils] MethodGroupsHelper.sortMethods() took 0 ms.
17:53:39.063[main] INFO  org.testng.internal.Utils - [Utils] MethodGroupsHelper.collectMethodsByGroup() took 0 ms.
17:53:39.063[main] INFO  org.testng.internal.Utils - [Utils] MethodGroupsHelper.sortMethods() took 0 ms.
17:53:39.063[main] INFO  org.testng.internal.Utils - [Utils] MethodGroupsHelper.collectMethodsByGroup() took 0 ms.
17:53:39.063[main] INFO  org.testng.internal.Utils - [Utils] MethodGroupsHelper.sortMethods() took 0 ms.
17:53:39.064[main] INFO  org.testng.internal.Utils - [Utils] MethodGroupsHelper.collectMethodsByGroup() took 0 ms.
17:53:39.064[main] INFO  org.testng.internal.Utils - [Utils] MethodGroupsHelper.sortMethods() took 0 ms.
17:53:39.065[main] INFO  org.testng.internal.Utils - [Utils] MethodGroupsHelper.collectMethodsByGroup() took 0 ms.
17:53:39.065[main] INFO  org.testng.internal.Utils - [Utils] MethodGroupsHelper.sortMethods() took 0 ms.
17:53:39.066[main] INFO  org.testng.internal.Utils - [Utils] MethodGroupsHelper.collectMethodsByGroup() took 0 ms.
17:53:39.066[main] INFO  org.testng.internal.Utils - [Utils] MethodGroupsHelper.sortMethods() took 0 ms.
17:53:39.072[main] INFO  org.testng.internal.Utils - [TestNG] Running:
  C:\Users\lavan\AppData\Local\Temp\testng-eclipse--192213498\testng-customsuite.xml

17:53:39.087[main] INFO  org.testng.internal.Utils - [Utils] DynamicGraphHelper.createDynamicGraph() took 3 ms.
17:53:39.243[main] INFO  org.testng.internal.Utils - [TestNG] Time taken by org.testng.reporters.jq.Main@5c530d1e: 68 ms
17:53:39.256[main] INFO  org.testng.internal.Utils - [TestNG] Time taken by org.testng.reporters.FailedReporter@4795ded0: 13 ms
17:53:39.267[main] INFO  org.testng.internal.Utils - [TestNG] Time taken by org.testng.reporters.XMLReporter@1ae67cad: 11 ms
17:53:39.275[main] INFO  org.testng.internal.Utils - [TestNG] Time taken by org.testng.reporters.EmailableReporter2@312ab28e: 7 ms
17:53:39.284[main] INFO  org.testng.internal.Utils - [TestNG] Time taken by org.testng.reporters.JUnitReportReporter@6bea52d4: 8 ms
17:53:39.285[main] INFO  org.testng.internal.Utils - [TestNG] Time taken by org.testng.internal.ExitCodeListener@11981797: 1 ms
17:53:48.616[main] DEBUG org.testng.TestNG - suiteXmlPath: "C:\Users\lavan\eclipse-workspace\second\openkart\MasterSuite.xml"
17:53:48.894[main] INFO  org.testng.internal.Utils - [TestNG] Running:
  C:\Users\lavan\eclipse-workspace\second\openkart\MasterSuite.xml

17:53:53.515[main] INFO  testCases.Tc_oo2_Verify_login_Details - clicking the account link 
17:53:53.636[main] INFO  testCases.Tc_oo2_Verify_login_Details - clicking the login link 
17:53:54.199[main] INFO  testCases.Tc_oo2_Verify_login_Details - validing the user valid credentials 
17:53:55.611[main] INFO  testCases.Tc_oo2_Verify_login_Details - finished validating the test case 
17:56:42.208[main] DEBUG org.testng.TestNG - suiteXmlPath: "C:\Users\lavan\eclipse-workspace\second\openkart\MasterSuite.xml"
17:56:42.538[main] INFO  org.testng.internal.Utils - [TestNG] Running:
  C:\Users\lavan\eclipse-workspace\second\openkart\MasterSuite.xml

17:56:47.073[main] INFO  testCases.Tc_001_Accout_registartion - ***Starting the Tc_001_Accout_registartion***
17:56:47.133[main] INFO  testCases.Tc_001_Accout_registartion - ***clicked on the account link***
17:56:47.380[main] INFO  testCases.Tc_001_Accout_registartion - ***clicked on  the register link***
17:56:48.276[main] INFO  testCases.Tc_001_Accout_registartion - ***providing all necessary details***
17:56:50.215[main] INFO  testCases.Tc_001_Accout_registartion - ***validating the account**
17:56:50.277[main] INFO  testCases.Tc_001_Accout_registartion - test case execution finished succesffully
17:56:54.125[main] INFO  testCases.Tc_oo2_Verify_login_Details - clicking the account link 
17:56:54.276[main] INFO  testCases.Tc_oo2_Verify_login_Details - clicking the login link 
17:56:54.776[main] INFO  testCases.Tc_oo2_Verify_login_Details - validing the user valid credentials 
17:56:56.230[main] INFO  testCases.Tc_oo2_Verify_login_Details - finished validating the test case 
16:19:54.754[main] DEBUG org.testng.TestNG - suiteXmlPath: "C:\Users\lavan\eclipse-workspace\second\openkart\MasterSuite.xml"
16:19:55.299[main] INFO  org.testng.internal.Utils - [TestNG] Running:
  C:\Users\lavan\eclipse-workspace\second\openkart\MasterSuite.xml

16:20:03.620[main] INFO  testCases.Tc_001_Accout_registartion - ***Starting the Tc_001_Accout_registartion***
16:20:03.651[main] INFO  testCases.Tc_001_Accout_registartion - ***clicked on the account link***
16:20:03.828[main] INFO  testCases.Tc_001_Accout_registartion - ***clicked on  the register link***
16:20:04.699[main] INFO  testCases.Tc_001_Accout_registartion - ***providing all necessary details***
16:20:07.275[main] INFO  testCases.Tc_001_Accout_registartion - ***validating the account**
16:20:07.346[main] INFO  testCases.Tc_001_Accout_registartion - test case execution finished succesffully
16:20:11.589[main] INFO  testCases.Tc_oo2_Verify_login_Details - clicking the account link 
16:20:11.823[main] INFO  testCases.Tc_oo2_Verify_login_Details - clicking the login link 
16:20:12.332[main] INFO  testCases.Tc_oo2_Verify_login_Details - validing the user valid credentials 
16:20:13.895[main] INFO  testCases.Tc_oo2_Verify_login_Details - finished validating the test case 
22:04:14.675[main] DEBUG org.testng.TestNG - suiteXmlPath: "C:\Users\lavan\eclipse-workspace\second\openkart\MasterSuite.xml"
22:06:50.356[main] DEBUG org.testng.TestNG - suiteXmlPath: "C:\Users\lavan\eclipse-workspace\second\openkart\MasterSuite.xml"
22:07:43.852[main] DEBUG org.testng.TestNG - suiteXmlPath: "C:\Users\lavan\eclipse-workspace\second\openkart\MasterSuite.xml"
22:07:44.190[main] INFO  org.testng.internal.Utils - [TestNG] Running:
  C:\Users\lavan\eclipse-workspace\second\openkart\MasterSuite.xml

22:07:48.869[main] INFO  testCases.Tc_001_Accout_registartion - ***Starting the Tc_001_Accout_registartion***
22:07:48.898[main] INFO  testCases.Tc_001_Accout_registartion - ***clicked on the account link***
22:07:49.020[main] INFO  testCases.Tc_001_Accout_registartion - ***clicked on  the register link***
22:07:49.710[main] INFO  testCases.Tc_001_Accout_registartion - ***providing all necessary details***
22:07:51.599[main] INFO  testCases.Tc_001_Accout_registartion - ***validating the account**
22:07:51.641[main] INFO  testCases.Tc_001_Accout_registartion - test case execution finished succesffully
22:07:54.887[main] INFO  testCases.Tc_002_Verify_login_Details - clicking the account link 
22:07:55.001[main] INFO  testCases.Tc_002_Verify_login_Details - clicking the login link 
22:07:55.434[main] INFO  testCases.Tc_002_Verify_login_Details - validing the user valid credentials 
22:07:56.499[main] INFO  testCases.Tc_002_Verify_login_Details - finished validating the test case 
22:09:29.949[main] DEBUG org.testng.TestNG - suiteXmlPath: "C:\Users\lavan\eclipse-workspace\second\openkart\MasterSuite.xml"
22:09:50.615[main] DEBUG org.testng.TestNG - suiteXmlPath: "C:\Users\lavan\eclipse-workspace\second\openkart\MasterSuite.xml"
22:09:50.934[main] INFO  org.testng.internal.Utils - [TestNG] Running:
  C:\Users\lavan\eclipse-workspace\second\openkart\MasterSuite.xml

22:09:54.422[main] INFO  testCases.Tc_001_Accout_registartion - ***Starting the Tc_001_Accout_registartion***
22:09:54.446[main] INFO  testCases.Tc_001_Accout_registartion - ***clicked on the account link***
22:09:54.536[main] INFO  testCases.Tc_001_Accout_registartion - ***clicked on  the register link***
22:09:55.224[main] INFO  testCases.Tc_001_Accout_registartion - ***providing all necessary details***
22:09:56.927[main] INFO  testCases.Tc_001_Accout_registartion - ***validating the account**
22:09:56.962[main] INFO  testCases.Tc_001_Accout_registartion - test case execution finished succesffully
22:10:00.444[main] INFO  testCases.Tc_002_Verify_login_Details - clicking the account link 
22:10:00.553[main] INFO  testCases.Tc_002_Verify_login_Details - clicking the login link 
22:10:00.965[main] INFO  testCases.Tc_002_Verify_login_Details - validing the user valid credentials 
22:10:02.131[main] INFO  testCases.Tc_002_Verify_login_Details - finished validating the test case 
22:11:57.711[main] DEBUG org.testng.TestNG - suiteXmlPath: "C:\Users\lavan\eclipse-workspace\second\openkart\MasterSuite.xml"
22:11:57.914[main] INFO  org.testng.internal.Utils - [TestNG] Running:
  C:\Users\lavan\eclipse-workspace\second\openkart\MasterSuite.xml

22:13:22.167[main] DEBUG org.testng.TestNG - suiteXmlPath: "C:\Users\lavan\eclipse-workspace\second\openkart\MasterSuite.xml"
22:13:22.368[main] INFO  org.testng.internal.Utils - [TestNG] Running:
  C:\Users\lavan\eclipse-workspace\second\openkart\MasterSuite.xml

20:32:08.893[main] DEBUG org.testng.TestNG - suiteXmlPath: "C:\Users\lavan\eclipse-workspace\second\openkart\MasterSuite.xml"
20:32:09.216[main] INFO  org.testng.internal.Utils - [TestNG] Running:
  C:\Users\lavan\eclipse-workspace\second\openkart\MasterSuite.xml

20:46:24.155[main] DEBUG org.testng.TestNG - suiteXmlPath: "C:\Users\lavan\eclipse-workspace\second\openkart\Grouping.xml"
20:46:24.378[main] INFO  org.testng.internal.Utils - [TestNG] Running:
  C:\Users\lavan\eclipse-workspace\second\openkart\Grouping.xml

20:50:35.310[main] DEBUG org.testng.TestNG - suiteXmlPath: "C:\Users\lavan\eclipse-workspace\second\openkart\Grouping.xml"
20:50:35.537[main] INFO  org.testng.internal.Utils - [TestNG] Running:
  C:\Users\lavan\eclipse-workspace\second\openkart\Grouping.xml

20:54:28.427[main] DEBUG org.testng.TestNG - suiteXmlPath: "C:\Users\lavan\eclipse-workspace\second\openkart\Grouping.xml"
20:54:28.685[main] INFO  org.testng.internal.Utils - [TestNG] Running:
  C:\Users\lavan\eclipse-workspace\second\openkart\Grouping.xml

20:55:55.059[main] DEBUG org.testng.TestNG - suiteXmlPath: "C:\Users\lavan\eclipse-workspace\second\openkart\MasterSuite.xml"
20:55:55.307[main] INFO  org.testng.internal.Utils - [TestNG] Running:
  C:\Users\lavan\eclipse-workspace\second\openkart\MasterSuite.xml

20:56:00.593[main] INFO  testCases.Tc_001_Accout_registartion - ***Starting the Tc_001_Accout_registartion***
20:56:00.617[main] INFO  testCases.Tc_001_Accout_registartion - ***clicked on the account link***
20:56:00.731[main] INFO  testCases.Tc_001_Accout_registartion - ***clicked on  the register link***
20:56:01.381[main] INFO  testCases.Tc_001_Accout_registartion - ***providing all necessary details***
20:56:02.883[main] INFO  testCases.Tc_001_Accout_registartion - ***validating the account**
20:56:02.938[main] INFO  testCases.Tc_001_Accout_registartion - test case execution finished succesffully
20:56:07.017[main] INFO  testCases.Tc_002_Verify_login_Details - clicking the account link 
20:56:07.164[main] INFO  testCases.Tc_002_Verify_login_Details - clicking the login link 
20:56:07.675[main] INFO  testCases.Tc_002_Verify_login_Details - validing the user valid credentials 
20:56:08.773[main] INFO  testCases.Tc_002_Verify_login_Details - finished validating the test case 
21:03:34.461[main] DEBUG org.testng.TestNG - suiteXmlPath: "C:\Users\lavan\eclipse-workspace\second\openkart\Grouping.xml"
21:03:34.676[main] INFO  org.testng.internal.Utils - [TestNG] Running:
  C:\Users\lavan\eclipse-workspace\second\openkart\Grouping.xml

21:03:38.441[main] INFO  testCases.Tc_001_Accout_registartion - ***Starting the Tc_001_Accout_registartion***
21:03:38.465[main] INFO  testCases.Tc_001_Accout_registartion - ***clicked on the account link***
21:03:38.573[main] INFO  testCases.Tc_001_Accout_registartion - ***clicked on  the register link***
21:03:39.284[main] INFO  testCases.Tc_001_Accout_registartion - ***providing all necessary details***
21:03:40.824[main] INFO  testCases.Tc_001_Accout_registartion - ***validating the account**
21:03:40.869[main] INFO  testCases.Tc_001_Accout_registartion - test case execution finished succesffully
21:03:43.850[main] INFO  testCases.Tc_002_Verify_login_Details - clicking the account link 
21:03:43.949[main] INFO  testCases.Tc_002_Verify_login_Details - clicking the login link 
21:03:44.351[main] INFO  testCases.Tc_002_Verify_login_Details - validing the user valid credentials 
21:03:45.474[main] INFO  testCases.Tc_002_Verify_login_Details - finished validating the test case 
21:08:17.641[main] DEBUG org.testng.TestNG - suiteXmlPath: "C:\Users\lavan\eclipse-workspace\second\openkart\Grouping.xml"
21:08:17.863[main] INFO  org.testng.internal.Utils - [TestNG] Running:
  C:\Users\lavan\eclipse-workspace\second\openkart\Grouping.xml

21:08:21.815[main] INFO  testCases.Tc_001_Accout_registartion - ***Starting the Tc_001_Accout_registartion***
21:08:21.832[main] INFO  testCases.Tc_001_Accout_registartion - ***clicked on the account link***
21:08:21.946[main] INFO  testCases.Tc_001_Accout_registartion - ***clicked on  the register link***
21:08:22.663[main] INFO  testCases.Tc_001_Accout_registartion - ***providing all necessary details***
21:08:23.801[main] INFO  testCases.Tc_001_Accout_registartion - ***validating the account**
21:08:30.341[main] INFO  testCases.Tc_001_Accout_registartion - Test failed
21:08:30.342[main] DEBUG testCases.Tc_001_Accout_registartion - debug logs
21:08:33.586[main] INFO  testCases.Tc_002_Verify_login_Details - clicking the account link 
21:08:33.710[main] INFO  testCases.Tc_002_Verify_login_Details - clicking the login link 
21:08:34.160[main] INFO  testCases.Tc_002_Verify_login_Details - validing the user valid credentials 
21:08:35.282[main] INFO  testCases.Tc_002_Verify_login_Details - finished validating the test case 
21:10:41.720[main] DEBUG org.testng.TestNG - suiteXmlPath: "C:\Users\lavan\eclipse-workspace\second\openkart\Grouping.xml"
21:10:41.926[main] INFO  org.testng.internal.Utils - [TestNG] Running:
  C:\Users\lavan\eclipse-workspace\second\openkart\Grouping.xml

21:10:59.826[main] DEBUG org.testng.TestNG - suiteXmlPath: "C:\Users\lavan\eclipse-workspace\second\openkart\Grouping.xml"
21:11:00.090[main] INFO  org.testng.internal.Utils - [TestNG] Running:
  C:\Users\lavan\eclipse-workspace\second\openkart\Grouping.xml

21:11:25.641[main] DEBUG org.testng.TestNG - suiteXmlPath: "C:\Users\lavan\eclipse-workspace\second\openkart\Grouping.xml"
21:11:25.854[main] INFO  org.testng.internal.Utils - [TestNG] Running:
  C:\Users\lavan\eclipse-workspace\second\openkart\Grouping.xml

21:11:29.327[main] INFO  testCases.Tc_001_Accout_registartion - ***Starting the Tc_001_Accout_registartion***
21:11:29.359[main] INFO  testCases.Tc_001_Accout_registartion - ***clicked on the account link***
21:11:29.461[main] INFO  testCases.Tc_001_Accout_registartion - ***clicked on  the register link***
21:11:30.168[main] INFO  testCases.Tc_001_Accout_registartion - ***providing all necessary details***
21:11:31.819[main] INFO  testCases.Tc_001_Accout_registartion - ***validating the account**
21:11:31.851[main] INFO  testCases.Tc_001_Accout_registartion - test case execution finished succesffully
21:11:35.065[main] INFO  testCases.Tc_002_Verify_login_Details - clicking the account link 
21:11:35.214[main] INFO  testCases.Tc_002_Verify_login_Details - clicking the login link 
21:11:35.656[main] INFO  testCases.Tc_002_Verify_login_Details - validing the user valid credentials 
21:11:36.874[main] INFO  testCases.Tc_002_Verify_login_Details - finished validating the test case 
21:32:15.899[main] DEBUG org.testng.TestNG - suiteXmlPath: "C:\Users\lavan\eclipse-workspace\second\openkart\test-output\testng-failed.xml"
21:32:16.098[main] INFO  org.testng.internal.Utils - [TestNG] Running:
  C:\Users\lavan\eclipse-workspace\second\openkart\test-output\testng-failed.xml

21:32:20.005[main] INFO  testCases.Tc_001_Accout_registartion - ***Starting the Tc_001_Accout_registartion***
21:32:20.029[main] INFO  testCases.Tc_001_Accout_registartion - ***clicked on the account link***
21:32:20.135[main] INFO  testCases.Tc_001_Accout_registartion - ***clicked on  the register link***
21:32:20.850[main] INFO  testCases.Tc_001_Accout_registartion - ***providing all necessary details***
21:32:22.425[main] INFO  testCases.Tc_001_Accout_registartion - ***validating the account**
21:32:22.459[main] INFO  testCases.Tc_001_Accout_registartion - test case execution finished succesffully
21:41:47.727[main] DEBUG org.testng.TestNG - suiteXmlPath: "C:\Users\lavan\eclipse-workspace\second\openkart\Grouping.xml"
21:41:47.943[main] INFO  org.testng.internal.Utils - [TestNG] Running:
  C:\Users\lavan\eclipse-workspace\second\openkart\Grouping.xml

21:41:51.684[main] INFO  testCases.Tc_001_Accout_registartion - ***Starting the Tc_001_Accout_registartion***
21:41:51.721[main] INFO  testCases.Tc_001_Accout_registartion - ***clicked on the account link***
21:41:51.870[main] INFO  testCases.Tc_001_Accout_registartion - ***clicked on  the register link***
21:41:52.538[main] INFO  testCases.Tc_001_Accout_registartion - ***providing all necessary details***
21:41:54.351[main] INFO  testCases.Tc_001_Accout_registartion - ***validating the account**
21:41:54.395[main] INFO  testCases.Tc_001_Accout_registartion - test case execution finished succesffully
21:41:58.102[main] INFO  testCases.Tc_002_Verify_login_Details - clicking the account link 
21:41:58.223[main] INFO  testCases.Tc_002_Verify_login_Details - clicking the login link 
21:41:58.670[main] INFO  testCases.Tc_002_Verify_login_Details - validing the user valid credentials 
21:43:41.522[main] DEBUG org.testng.TestNG - suiteXmlPath: "C:\Users\lavan\eclipse-workspace\second\openkart\Grouping.xml"
21:43:41.751[main] INFO  org.testng.internal.Utils - [TestNG] Running:
  C:\Users\lavan\eclipse-workspace\second\openkart\Grouping.xml

21:43:45.546[main] INFO  testCases.Tc_001_Accout_registartion - ***Starting the Tc_001_Accout_registartion***
21:43:45.572[main] INFO  testCases.Tc_001_Accout_registartion - ***clicked on the account link***
21:43:45.669[main] INFO  testCases.Tc_001_Accout_registartion - ***clicked on  the register link***
21:43:46.311[main] INFO  testCases.Tc_001_Accout_registartion - ***providing all necessary details***
21:43:47.865[main] INFO  testCases.Tc_001_Accout_registartion - ***validating the account**
21:43:47.927[main] INFO  testCases.Tc_001_Accout_registartion - test case execution finished succesffully
21:43:51.404[main] INFO  testCases.Tc_002_Verify_login_Details - clicking the account link 
21:43:51.533[main] INFO  testCases.Tc_002_Verify_login_Details - clicking the login link 
21:43:51.994[main] INFO  testCases.Tc_002_Verify_login_Details - validing the user valid credentials 
21:46:22.337[main] DEBUG org.testng.TestNG - suiteXmlPath: "C:\Users\lavan\eclipse-workspace\second\openkart\Grouping.xml"
21:46:22.552[main] INFO  org.testng.internal.Utils - [TestNG] Running:
  C:\Users\lavan\eclipse-workspace\second\openkart\Grouping.xml

21:46:26.221[main] INFO  testCases.Tc_001_Accout_registartion - ***Starting the Tc_001_Accout_registartion***
21:46:26.248[main] INFO  testCases.Tc_001_Accout_registartion - ***clicked on the account link***
21:46:26.360[main] INFO  testCases.Tc_001_Accout_registartion - ***clicked on  the register link***
21:46:27.013[main] INFO  testCases.Tc_001_Accout_registartion - ***providing all necessary details***
21:46:28.570[main] INFO  testCases.Tc_001_Accout_registartion - ***validating the account**
21:46:28.609[main] INFO  testCases.Tc_001_Accout_registartion - test case execution finished succesffully
21:46:32.277[main] INFO  testCases.Tc_002_Verify_login_Details - clicking the account link 
21:46:32.413[main] INFO  testCases.Tc_002_Verify_login_Details - clicking the login link 
21:46:32.853[main] INFO  testCases.Tc_002_Verify_login_Details - validing the user valid credentials 
21:05:12.416[main] DEBUG org.testng.TestNG - suiteXmlPath: "C:\Users\lavan\eclipse-workspace\second\openkart\MasterSuite.xml"
21:05:12.870[main] INFO  org.testng.internal.Utils - [TestNG] Running:
  C:\Users\lavan\eclipse-workspace\second\openkart\MasterSuite.xml

21:08:32.830[main] DEBUG org.testng.TestNG - suiteXmlPath: "C:\Users\lavan\eclipse-workspace\second\openkart\MasterSuite.xml"
21:08:33.116[main] INFO  org.testng.internal.Utils - [TestNG] Running:
  C:\Users\lavan\eclipse-workspace\second\openkart\MasterSuite.xml

21:10:18.333[main] DEBUG org.testng.TestNG - suiteXmlPath: "C:\Users\lavan\eclipse-workspace\second\openkart\MasterSuite.xml"
21:10:18.631[main] INFO  org.testng.internal.Utils - [TestNG] Running:
  C:\Users\lavan\eclipse-workspace\second\openkart\MasterSuite.xml

21:30:56.006[main] DEBUG org.testng.TestNG - suiteXmlPath: "C:\Users\lavan\eclipse-workspace\second\openkart\MasterSuite.xml"
21:30:56.311[main] INFO  org.testng.internal.Utils - [TestNG] Running:
  C:\Users\lavan\eclipse-workspace\second\openkart\MasterSuite.xml

21:33:16.557[main] DEBUG org.testng.TestNG - suiteXmlPath: "C:\Users\lavan\eclipse-workspace\second\openkart\MasterSuite.xml"
21:33:16.850[main] INFO  org.testng.internal.Utils - [TestNG] Running:
  C:\Users\lavan\eclipse-workspace\second\openkart\MasterSuite.xml

21:39:05.998[main] DEBUG org.testng.TestNG - suiteXmlPath: "C:\Users\lavan\eclipse-workspace\second\openkart\MasterSuite.xml"
21:39:06.289[main] INFO  org.testng.internal.Utils - [TestNG] Running:
  C:\Users\lavan\eclipse-workspace\second\openkart\MasterSuite.xml

21:39:11.974[main] INFO  testCases.Tc_001_Accout_registartion - ***Starting the Tc_001_Accout_registartion***
21:39:11.999[main] INFO  testCases.Tc_001_Accout_registartion - ***clicked on the account link***
21:39:12.142[main] INFO  testCases.Tc_001_Accout_registartion - ***clicked on  the register link***
21:39:12.968[main] INFO  testCases.Tc_001_Accout_registartion - ***providing all necessary details***
21:39:15.185[main] INFO  testCases.Tc_001_Accout_registartion - ***validating the account**
21:39:15.252[main] INFO  testCases.Tc_001_Accout_registartion - test case execution finished succesffully
21:39:19.220[main] INFO  testCases.Tc_002_Verify_login_Details - clicking the account link 
21:39:19.336[main] INFO  testCases.Tc_002_Verify_login_Details - clicking the login link 
21:39:19.866[main] INFO  testCases.Tc_002_Verify_login_Details - validing the user valid credentials 
21:39:21.133[main] INFO  testCases.Tc_002_Verify_login_Details - finished validating the test case 
21:40:05.630[main] DEBUG org.testng.TestNG - suiteXmlPath: "C:\Users\lavan\eclipse-workspace\second\openkart\MasterSuite.xml"
21:40:05.956[main] INFO  org.testng.internal.Utils - [TestNG] Running:
  C:\Users\lavan\eclipse-workspace\second\openkart\MasterSuite.xml

21:46:18.622[main] DEBUG org.testng.TestNG - suiteXmlPath: "C:\Users\lavan\eclipse-workspace\second\openkart\MasterSuite.xml"
21:46:18.935[main] INFO  org.testng.internal.Utils - [TestNG] Running:
  C:\Users\lavan\eclipse-workspace\second\openkart\MasterSuite.xml

21:47:30.698[main] DEBUG org.testng.TestNG - suiteXmlPath: "C:\Users\lavan\eclipse-workspace\second\openkart\MasterSuite.xml"
21:47:30.987[main] INFO  org.testng.internal.Utils - [TestNG] Running:
  C:\Users\lavan\eclipse-workspace\second\openkart\MasterSuite.xml

21:47:35.286[main] INFO  testCases.Tc_001_Accout_registartion - ***Starting the Tc_001_Accout_registartion***
21:47:35.319[main] INFO  testCases.Tc_001_Accout_registartion - ***clicked on the account link***
21:47:35.491[main] INFO  testCases.Tc_001_Accout_registartion - ***clicked on  the register link***
21:47:36.266[main] INFO  testCases.Tc_001_Accout_registartion - ***providing all necessary details***
21:47:38.296[main] INFO  testCases.Tc_001_Accout_registartion - ***validating the account**
21:47:38.332[main] INFO  testCases.Tc_001_Accout_registartion - test case execution finished succesffully
21:47:42.668[main] INFO  testCases.Tc_002_Verify_login_Details - clicking the account link 
21:47:42.948[main] INFO  testCases.Tc_002_Verify_login_Details - clicking the login link 
21:47:43.490[main] INFO  testCases.Tc_002_Verify_login_Details - validing the user valid credentials 
21:47:44.809[main] INFO  testCases.Tc_002_Verify_login_Details - finished validating the test case 
22:36:22.338[main] DEBUG org.testng.TestNG - suiteXmlPath: "C:\Users\lavan\eclipse-workspace\second\openkart\MasterSuite.xml"
22:36:27.160[main] INFO  testCases.Tc_001_Accout_registartion - ***Starting the Tc_001_Accout_registartion***
22:36:27.189[main] INFO  testCases.Tc_001_Accout_registartion - ***clicked on the account link***
22:36:27.308[main] INFO  testCases.Tc_001_Accout_registartion - ***clicked on  the register link***
22:36:28.163[main] INFO  testCases.Tc_001_Accout_registartion - ***providing all necessary details***
22:36:29.963[main] INFO  testCases.Tc_001_Accout_registartion - ***validating the account**
22:36:30.089[main] INFO  testCases.Tc_001_Accout_registartion - test case execution finished succesffully
22:36:34.197[main] INFO  testCases.Tc_002_Verify_login_Details - clicking the account link 
22:36:34.392[main] INFO  testCases.Tc_002_Verify_login_Details - clicking the login link 
22:36:34.905[main] INFO  testCases.Tc_002_Verify_login_Details - validing the user valid credentials 
22:36:36.177[main] INFO  testCases.Tc_002_Verify_login_Details - finished validating the test case 
23:00:23.258[main] DEBUG org.testng.TestNG - suiteXmlPath: "C:\Users\lavan\eclipse-workspace\second\openkart\MasterSuite.xml"
23:00:29.162[main] INFO  testCases.Tc_001_Accout_registartion - ***Starting the Tc_001_Accout_registartion***
23:00:29.204[main] INFO  testCases.Tc_001_Accout_registartion - ***clicked on the account link***
23:00:29.379[main] INFO  testCases.Tc_001_Accout_registartion - ***clicked on  the register link***
23:00:30.206[main] INFO  testCases.Tc_001_Accout_registartion - ***providing all necessary details***
23:00:32.108[main] INFO  testCases.Tc_001_Accout_registartion - ***validating the account**
23:00:32.153[main] INFO  testCases.Tc_001_Accout_registartion - test case execution finished succesffully
23:00:36.448[main] INFO  testCases.Tc_002_Verify_login_Details - clicking the account link 
23:00:36.572[main] INFO  testCases.Tc_002_Verify_login_Details - clicking the login link 
